-------------------------------------------------------------------------------
Test set: com.iandadesign.closa.commandLine.MainTest
-------------------------------------------------------------------------------
Tests run: 1, Failures: 1, Errors: 0, Skipped: 0, Time elapsed: 0.017 s <<< FAILURE! - in com.iandadesign.closa.commandLine.MainTest
mainTest  Time elapsed: 0.016 s  <<< FAILURE!
org.opentest4j.AssertionFailedError: 
	at com.iandadesign.closa.commandLine.MainTest.executeWithTimeOut(MainTest.java:21)
	at com.iandadesign.closa.commandLine.MainTest.mainTest(MainTest.java:34)

